Build started 1. 11. 2017 12:27:20.
     1>Project "C:\Users\User\Documents\GitHub\Segmentation\Segmentation\SegmentationLibrary\SegmentationLibrary.vcxproj" on node 2 (Build target(s)).
     1>ClCompile:
         C:\Program Files (x86)\Microsoft Visual Studio 11.0\VC\bin\CL.exe /c /ZI /nologo /W3 /WX- /sdl /Od /Oy- /D WIN32 /D _DEBUG /D _LIB /D _UNICODE /D UNICODE /Gm /EHsc /RTC1 /MDd /GS /fp:precise /Zc:wchar_t /Zc:forScope /Yu"stdafx.h" /Fp"Debug\SegmentationLibrary.pch" /Fo"Debug\\" /Fd"Debug\vc110.pdb" /Gd /TP /analyze- /errorReport:prompt GaussianBlur.cpp Segmentator.cpp
         GaussianBlur.cpp
     1>c:\users\user\documents\github\segmentation\segmentation\segmentationlibrary\gaussianblur.cpp(84): warning C4244: '=' : conversion from 'double' to 'BYTE', possible loss of data
     1>c:\users\user\documents\github\segmentation\segmentation\segmentationlibrary\gaussianblur.cpp(93): warning C4244: '=' : conversion from 'double' to 'BYTE', possible loss of data
     1>c:\users\user\documents\github\segmentation\segmentation\segmentationlibrary\gaussianblur.cpp(103): warning C4244: '=' : conversion from 'double' to 'BYTE', possible loss of data
     1>c:\users\user\documents\github\segmentation\segmentation\segmentationlibrary\gaussianblur.cpp(127): warning C4244: '=' : conversion from 'double' to 'BYTE', possible loss of data
     1>c:\users\user\documents\github\segmentation\segmentation\segmentationlibrary\gaussianblur.cpp(134): warning C4244: '=' : conversion from 'double' to 'BYTE', possible loss of data
     1>c:\users\user\documents\github\segmentation\segmentation\segmentationlibrary\gaussianblur.cpp(141): warning C4244: '=' : conversion from 'double' to 'BYTE', possible loss of data
         Generating Code...
         Skipping... (no relevant changes detected)
         Segmentator.cpp
       Lib:
         C:\Program Files (x86)\Microsoft Visual Studio 11.0\VC\bin\Lib.exe /OUT:"C:\Users\User\Documents\GitHub\Segmentation\Segmentation\Debug\SegmentationLibrary.lib" /NOLOGO Debug\GaussianBlur.obj
         Debug\Graph.obj
         Debug\ImageHandler.obj
         Debug\Segmentator.obj
         Debug\stdafx.obj
         SegmentationLibrary.vcxproj -> C:\Users\User\Documents\GitHub\Segmentation\Segmentation\Debug\SegmentationLibrary.lib
     1>Done Building Project "C:\Users\User\Documents\GitHub\Segmentation\Segmentation\SegmentationLibrary\SegmentationLibrary.vcxproj" (Build target(s)).

Build succeeded.

Time Elapsed 00:00:01.74
