C:\USERS\USER\DOCUMENTS\SEGMENTATION\SEGMENTATIONLIBRARY\DEBUG\SEGMENTATIONLIBRARY.PCH
C:\USERS\USER\DOCUMENTS\SEGMENTATION\SEGMENTATIONLIBRARY\DEBUG\STDAFX.OBJ
C:\USERS\USER\DOCUMENTS\SEGMENTATION\SEGMENTATIONLIBRARY\DEBUG\VC110.PDB
C:\USERS\USER\DOCUMENTS\SEGMENTATION\SEGMENTATIONLIBRARY\DEBUG\GAUSSIANBLUR.OBJ
C:\USERS\USER\DOCUMENTS\SEGMENTATION\SEGMENTATIONLIBRARY\DEBUG\GRAPH.OBJ
C:\USERS\USER\DOCUMENTS\SEGMENTATION\SEGMENTATIONLIBRARY\DEBUG\IMAGEHANDLER.OBJ
C:\USERS\USER\DOCUMENTS\SEGMENTATION\SEGMENTATIONLIBRARY\DEBUG\SEGMENTATOR.OBJ
C:\USERS\USER\DOCUMENTS\VISUAL STUDIO 2012\SEGMENTATION\SEGMENTATIONLIBRARY\DEBUG\SEGMENTATIONLIBRARY.PCH
C:\USERS\USER\DOCUMENTS\VISUAL STUDIO 2012\SEGMENTATION\SEGMENTATIONLIBRARY\DEBUG\STDAFX.OBJ
C:\USERS\USER\DOCUMENTS\VISUAL STUDIO 2012\SEGMENTATION\SEGMENTATIONLIBRARY\DEBUG\VC110.PDB
C:\USERS\USER\DOCUMENTS\VISUAL STUDIO 2012\SEGMENTATION\SEGMENTATIONLIBRARY\DEBUG\GAUSSIANBLUR.OBJ
C:\USERS\USER\DOCUMENTS\VISUAL STUDIO 2012\SEGMENTATION\SEGMENTATIONLIBRARY\DEBUG\GRAPH.OBJ
C:\USERS\USER\DOCUMENTS\VISUAL STUDIO 2012\SEGMENTATION\SEGMENTATIONLIBRARY\DEBUG\IMAGE.OBJ
C:\USERS\USER\DOCUMENTS\VISUAL STUDIO 2012\SEGMENTATION\SEGMENTATIONLIBRARY\DEBUG\IMAGEHANDLER.OBJ
C:\USERS\USER\DOCUMENTS\VISUAL STUDIO 2012\SEGMENTATION\SEGMENTATIONLIBRARY\DEBUG\SEGMENTATOR.OBJ
C:\USERS\USER\DOCUMENTS\GITHUB\PRACA\SEGMENTATION\SEGMENTATIONLIBRARY\DEBUG\SEGMENTATIONLIBRARY.PCH
C:\USERS\USER\DOCUMENTS\GITHUB\PRACA\SEGMENTATION\SEGMENTATIONLIBRARY\DEBUG\STDAFX.OBJ
C:\USERS\USER\DOCUMENTS\GITHUB\PRACA\SEGMENTATION\SEGMENTATIONLIBRARY\DEBUG\VC110.PDB
C:\USERS\USER\DOCUMENTS\GITHUB\PRACA\SEGMENTATION\SEGMENTATIONLIBRARY\DEBUG\GAUSSIANBLUR.OBJ
C:\USERS\USER\DOCUMENTS\GITHUB\PRACA\SEGMENTATION\SEGMENTATIONLIBRARY\DEBUG\GRAPH.OBJ
C:\USERS\USER\DOCUMENTS\GITHUB\PRACA\SEGMENTATION\SEGMENTATIONLIBRARY\DEBUG\IMAGE.OBJ
C:\USERS\USER\DOCUMENTS\GITHUB\PRACA\SEGMENTATION\SEGMENTATIONLIBRARY\DEBUG\IMAGEHANDLER.OBJ
C:\USERS\USER\DOCUMENTS\GITHUB\PRACA\SEGMENTATION\SEGMENTATIONLIBRARY\DEBUG\SEGMENTATOR.OBJ
C:\USERS\USER\DOCUMENTS\GITHUB\SEGMENTATION\SEGMENTATION\SEGMENTATIONLIBRARY\DEBUG\VC110.PDB
C:\USERS\USER\DOCUMENTS\GITHUB\SEGMENTATION\SEGMENTATION\SEGMENTATIONLIBRARY\DEBUG\SEGMENTATIONLIBRARY.PCH
C:\USERS\USER\DOCUMENTS\GITHUB\SEGMENTATION\SEGMENTATION\SEGMENTATIONLIBRARY\DEBUG\STDAFX.OBJ
C:\USERS\USER\DOCUMENTS\GITHUB\SEGMENTATION\SEGMENTATION\SEGMENTATIONLIBRARY\DEBUG\GRAPH.OBJ
C:\USERS\USER\DOCUMENTS\GITHUB\SEGMENTATION\SEGMENTATION\SEGMENTATIONLIBRARY\DEBUG\IMAGEHANDLER.OBJ
C:\USERS\USER\DOCUMENTS\GITHUB\SEGMENTATION\SEGMENTATION\SEGMENTATIONLIBRARY\DEBUG\GAUSSIANBLUR.OBJ
C:\USERS\USER\DOCUMENTS\GITHUB\SEGMENTATION\SEGMENTATION\SEGMENTATIONLIBRARY\DEBUG\SEGMENTATOR.OBJ
C:\USERS\USER\DOCUMENTS\SEGMENTATION\DEBUG\SEGMENTATIONLIBRARY.LIB
C:\USERS\USER\DOCUMENTS\VISUAL STUDIO 2012\SEGMENTATION\DEBUG\SEGMENTATIONLIBRARY.LIB
C:\USERS\USER\DOCUMENTS\GITHUB\PRACA\SEGMENTATION\DEBUG\SEGMENTATIONLIBRARY.LIB
C:\USERS\USER\DOCUMENTS\GITHUB\SEGMENTATION\SEGMENTATION\DEBUG\SEGMENTATIONLIBRARY.LIB
C:\Users\User\Documents\GitHub\Segmentation\Segmentation\SegmentationLibrary\Debug\Edge.obj
C:\Users\User\Documents\GitHub\Segmentation\Segmentation\SegmentationLibrary\Debug\GaussianBlur.obj
C:\Users\User\Documents\GitHub\Segmentation\Segmentation\SegmentationLibrary\Debug\Image.obj
C:\Users\User\Documents\GitHub\Segmentation\Segmentation\SegmentationLibrary\Debug\ImageHandler.obj
C:\Users\User\Documents\GitHub\Segmentation\Segmentation\SegmentationLibrary\Debug\Node.obj
C:\Users\User\Documents\GitHub\Segmentation\Segmentation\SegmentationLibrary\Debug\stdafx.obj
C:\Users\User\Documents\GitHub\Segmentation\Segmentation\SegmentationLibrary\Debug\UnionTree.obj
C:\Users\User\Documents\GitHub\Segmentation\Segmentation\SegmentationLibrary\Debug\cl.command.1.tlog
C:\Users\User\Documents\GitHub\Segmentation\Segmentation\SegmentationLibrary\Debug\CL.read.1.tlog
C:\Users\User\Documents\GitHub\Segmentation\Segmentation\SegmentationLibrary\Debug\CL.write.1.tlog
C:\Users\User\Documents\GitHub\Segmentation\Segmentation\SegmentationLibrary\Debug\Lib-link.read.1.tlog
C:\Users\User\Documents\GitHub\Segmentation\Segmentation\SegmentationLibrary\Debug\Lib-link.write.1.tlog
C:\Users\User\Documents\GitHub\Segmentation\Segmentation\SegmentationLibrary\Debug\lib.command.1.tlog
C:\Users\User\Documents\GitHub\Segmentation\Segmentation\SegmentationLibrary\Debug\SegmentationLibrary.pch
C:\Users\User\Documents\GitHub\Segmentation\Segmentation\SegmentationLibrary\Debug\vc110.idb
C:\Users\User\Documents\GitHub\Segmentation\Segmentation\SegmentationLibrary\Debug\vc110.pdb
C:\Users\User\Documents\GitHub\Segmentation\Segmentation\Debug\SegmentationLibrary.lib
